*********  101104 

+++ use computed velocity and acceleration:

conv.p piston.conv -tp=.2 -tf=1. -cg=plugDeform -case=plugDeform -ng=4 -ap=-1. -pp=4 -en=max -alwaysCompute=1

                grid  & N &  $rho$  & r & $u$  & r & $v$  & r & $T$  & r
         plugDeform4 &     1 &    5.580e-04   &       &    6.990e-04   &       &    0.000e+00   &       &    7.790e-04   &
         plugDeform8 &     2 &    1.340e-04   &   4.2 &    1.760e-04   &   4.0 &    0.000e+00   &   0.0 &    1.400e-04   &   5.6
        plugDeform16 &     4 &    3.400e-05   &   3.9 &    4.270e-05   &   4.1 &    0.000e+00   &   0.0 &    2.380e-05   &   5.9
        plugDeform32 &     8 &    1.030e-05   &   3.3 &    9.350e-06   &   4.6 &    0.000e+00   &   0.0 &    6.130e-06   &   3.9
Convergence rates: c0=1.93 c1=2.07 c2= nan c3=2.35



************ 101104 BUG found (HyperbolicMapping operator= DPM)

conv.p piston.conv -tp=.2 -tf=1. -cg=plugDeform -case=plugDeform -ng=4 -ap=-1. -pp=4 -en=max -alwaysCompute=1

                grid  & N &  $rho$  & r & $u$  & r & $v$  & r & $T$  & r
         plugDeform4 &     1 &    3.780e-04   &       &    4.140e-04   &       &    0.000e+00   &       &    7.180e-04   &
         plugDeform8 &     2 &    9.320e-05   &   4.1 &    1.010e-04   &   4.1 &    0.000e+00   &   0.0 &    1.220e-04   &   5.9
        plugDeform16 &     4 &    2.410e-05   &   3.9 &    2.270e-05   &   4.4 &    0.000e+00   &   0.0 &    2.030e-05   &   6.0
        plugDeform32 &     8 &    6.040e-06   &   4.0 &    4.320e-06   &   5.3 &    0.000e+00   &   0.0 &    4.950e-06   &   4.1
Convergence rates: c0=1.99 c1=2.19 c2= nan c3=2.41



===================================

conv.p piston.conv -tp=.2 -tf=1. -cg=plugDeform -case=plugDeform -ng=4 -ap=-1. -pp=4 -en=max -alwaysCompute=1

                grid  & N &  $rho$  & r & $u$  & r & $v$  & r & $T$  & r
         plugDeform4 &     1 &    3.780e-04   &       &    4.140e-04   &       &    0.000e+00   &       &    7.180e-04   &
         plugDeform8 &     2 &    2.270e-04   &   1.7 &    1.830e-04   &   2.3 &    0.000e+00   &   0.0 &    1.220e-04   &   5.9
        plugDeform16 &     4 &    1.470e-04   &   1.5 &    1.220e-04   &   1.5 &    0.000e+00   &   0.0 &    3.270e-05   &   3.7
        plugDeform32 &     8 &    1.320e-04   &   1.1 &    1.120e-04   &   1.1 &    0.000e+00   &   0.0 &    3.060e-05   &   1.1
Convergence rates: c0=0.52 c1=0.62 c2= nan c3=1.56


*** specified piston motion is 2nd order: 
conv.p piston.conv -tp=.2 -tf=1. -cg=plugDeform -ng=4 -ap=-1. -pp=4 -en=max -alwaysCompute=1
               grid  & N &  $rho$  & r & $u$  & r & $v$  & r & $T$  & r
         plugDeform4 &     1 &    3.780e-04   &       &    4.140e-04   &       &    0.000e+00   &       &    7.180e-04   &
         plugDeform8 &     2 &    9.320e-05   &   4.1 &    1.010e-04   &   4.1 &    0.000e+00   &   0.0 &    1.220e-04   &   5.9
        plugDeform16 &     4 &    2.410e-05   &   3.9 &    2.270e-05   &   4.4 &    0.000e+00   &   0.0 &    2.030e-05   &   6.0
        plugDeform32 &     8 &    6.040e-06   &   4.0 &    4.320e-06   &   5.3 &    0.000e+00   &   0.0 &    4.950e-06   &   4.1
Convergence rates: c0=1.99 c1=2.19 c2= nan c3=2.41


conv.p piston.conv -tp=.2 -tf=1. -cg=nonPlug -ng=4 -ap=-1. -pp=4 -en=max -alwaysCompute=1
                grid  & N &  $rho$  & r & $u$  & r & $v$  & r & $T$  & r
            nonPlug4 &     1 &    3.780e-04   &       &    4.140e-04   &       &    0.000e+00   &       &    7.180e-04   &
            nonPlug8 &     2 &    9.320e-05   &   4.1 &    1.010e-04   &   4.1 &    0.000e+00   &   0.0 &    1.220e-04   &   5.9
           nonPlug16 &     4 &    2.410e-05   &   3.9 &    2.270e-05   &   4.4 &    0.000e+00   &   0.0 &    2.030e-05   &   6.0
           nonPlug32 &     8 &    6.040e-06   &   4.0 &    4.320e-06   &   5.3 &    0.000e+00   &   0.0 &    4.950e-06   &   4.1
Convergence rates: c0=1.99 c1=2.19 c2= nan c3=2.41


--------------------- **** L1-Norm results ****
conv.p piston.conv -tp=.2 -tf=1. -cg=plugDeform -case=plugDeform -ng=4 -ap=-1. -pp=4 -en=l1 -alwaysCompute=1

                grid  & N &  $rho$  & r & $u$  & r & $v$  & r & $T$  & r
         plugDeform4 &     1 &    1.100e-04   &       &    1.120e-04   &       &    0.000e+00   &       &    4.970e-05   &
         plugDeform8 &     2 &    3.700e-05   &   3.0 &    3.790e-05   &   3.0 &    0.000e+00   &   0.0 &    1.300e-05   &   3.8
        plugDeform16 &     4 &    1.780e-05   &   2.1 &    1.600e-05   &   2.4 &    0.000e+00   &   0.0 &    4.900e-06   &   2.7
        plugDeform32 &     8 &    9.630e-06   &   1.8 &    8.020e-06   &   2.0 &    0.000e+00   &   0.0 &    2.340e-06   &   2.1
Convergence rates: c0=1.16 c1=1.27 c2= nan c3=1.46


---------------------
conv.p piston.conv -tp=.2 -tf=1. -cg=nonPlug -ng=4 -ap=-1. -pp=4 -en=l1 -alwaysCompute=1

                grid  & N &  $rho$  & r & $u$  & r & $v$  & r & $T$  & r
            nonPlug4 &     1 &    1.190e-04   &       &    1.240e-04   &       &    0.000e+00   &       &    5.470e-05   &
            nonPlug8 &     2 &    2.170e-05   &   5.5 &    2.720e-05   &   4.6 &    0.000e+00   &   0.0 &    1.060e-05   &   5.2
           nonPlug16 &     4 &    4.050e-06   &   5.4 &    5.420e-06   &   5.0 &    0.000e+00   &   0.0 &    2.120e-06   &   5.0
           nonPlug32 &     8 &    8.510e-07   &   4.8 &    1.110e-06   &   4.9 &    0.000e+00   &   0.0 &    4.540e-07   &   4.7
Convergence rates: c0=2.38 c1=2.27 c2= nan c3=2.31

----------------------
conv.p piston.conv -tp=.2 -tf=1. -cg=plugDeform -ng=4 -ap=-1. -pp=4 -en=l1 -alwaysCompute=1

                grid  & N &  $rho$  & r & $u$  & r & $v$  & r & $T$  & r
         plugDeform4 &     1 &    1.190e-04   &       &    1.240e-04   &       &    0.000e+00   &       &    5.470e-05   &
         plugDeform8 &     2 &    2.170e-05   &   5.5 &    2.720e-05   &   4.6 &    0.000e+00   &   0.0 &    1.060e-05   &   5.2
        plugDeform16 &     4 &    4.050e-06   &   5.4 &    5.420e-06   &   5.0 &    0.000e+00   &   0.0 &    2.120e-06   &   5.0
        plugDeform32 &     8 &    8.510e-07   &   4.8 &    1.110e-06   &   4.9 &    0.000e+00   &   0.0 &    4.540e-07   &   4.7
Convergence rates: c0=2.38 c1=2.27 c2= nan c3=2.31
