011019: Comparing 3 versions, 3D, -fast

(ADT) Time to insert 10700 nodes = 3.21e-01, time per node = 3.00e-05 
(ADT) Time for 1070 queries = 1.13e+00, time/query = 1.06e-03 
(ADT) Time to insert 10700 nodes = 3.19e-01, time per node = 2.98e-05 
(ADT) Time for 1070 queries = 1.15e+00, time/query = 1.08e-03 
(ADT2) Time to insert 10700 nodes = 1.87e-01, time per node = 1.75e-05 
(ADT2) Time for 1070 queries = 5.56e-01, time/query = 5.19e-04 
(ADT2) Time to insert 10700 nodes = 1.86e-01, time per node = 1.74e-05 
(ADT2) Time for 1070 queries = 5.55e-01, time/query = 5.19e-04 
(ADT3) Time to insert 10700 nodes = 1.85e-01, time per node = 1.73e-05 
(ADT3) Time for 1070 queries = 5.65e-01, time/query = 5.28e-04 
(ADT3) Time to insert 10700 nodes = 1.87e-01, time per node = 1.75e-05 
(ADT3) Time for 1070 queries = 5.69e-01, time/query = 5.32e-04 


// timings for 2D but using static arrays for 3D in (3)

 Time to insert 10700 nodes = 2.76e-01, time per node = 2.58e-05 
 Time for 1070 queries = 1.92e+00, time/query = 1.80e-03 
 Time to insert 10700 nodes = 2.76e-01, time per node = 2.58e-05 
 Time for 1070 queries = 1.94e+00, time/query = 1.81e-03 
(2) Time to insert 10700 nodes = 1.49e-01, time per node = 1.39e-05 
(2) Time for 1070 queries = 8.74e-01, time/query = 8.17e-04 
(2) Time to insert 10700 nodes = 1.49e-01, time per node = 1.40e-05 
(2) Time for 1070 queries = 8.73e-01, time/query = 8.16e-04 
(3) Time to insert 10700 nodes = 1.56e-01, time per node = 1.46e-05 
(3) Time for 1070 queries = 9.27e-01, time/query = 8.66e-04 
(3) Time to insert 10700 nodes = 1.51e-01, time per node = 1.41e-05 
(3) Time for 1070 queries = 9.24e-01, time/query = 8.63e-04


// removed all new/delete in ADT3

 Time to insert 10700 nodes = 3.32e-01, time per node = 3.11e-05 
 Time for 1070 queries = 1.12e+00, time/query = 1.04e-03 
 Time to insert 10700 nodes = 3.31e-01, time per node = 3.09e-05 
 Time for 1070 queries = 1.14e+00, time/query = 1.07e-03 
(2) Time to insert 10700 nodes = 1.83e-01, time per node = 1.71e-05 
(2) Time for 1070 queries = 5.46e-01, time/query = 5.10e-04 
(2) Time to insert 10700 nodes = 1.83e-01, time per node = 1.71e-05 
(2) Time for 1070 queries = 5.47e-01, time/query = 5.11e-04 
(3) Time to insert 10700 nodes = 1.78e-01, time per node = 1.66e-05 
(3) Time for 1070 queries = 5.43e-01, time/query = 5.08e-04 
(3) Time to insert 10700 nodes = 1.77e-01, time per node = 1.65e-05 
(3) Time for 1070 queries = 5.40e-01, time/query = 5.05e-04 




// fixed data sizes in traversor (removing new and delete)
global bounding box
    (        0) (        1) 
(0) -7.1500e+00  1.2910e+02 
(1)  5.1667e+00  2.3100e+01 
(2)  0.0000e+00  2.6000e+01 
 Time to insert 10700 nodes = 3.29e-01, time per node = 3.08e-05 
 Time for 1070 queries = 1.10e+00, time/query = 1.03e-03 
 Time to insert 10700 nodes = 3.25e-01, time per node = 3.04e-05 
 Time for 1070 queries = 1.12e+00, time/query = 1.04e-03 
(2) Time to insert 10700 nodes = 1.79e-01, time per node = 1.68e-05 
(2) Time for 1070 queries = 5.29e-01, time/query = 4.95e-04 
(2) Time to insert 10700 nodes = 1.79e-01, time per node = 1.68e-05 
(2) Time for 1070 queries = 5.29e-01, time/query = 4.94e-04 
(3) Time to insert 10700 nodes = 2.25e-01, time per node = 2.10e-05 
(3) Time for 1070 queries = 5.75e-01, time/query = 5.38e-04 
(3) Time to insert 10700 nodes = 2.25e-01, time per node = 2.10e-05 
(3) Time for 1070 queries = 5.83e-01, time/query = 5.45e-04 


// removed dimension from all as a template parameter

global bounding box
    (        0) (        1) 
(0) -7.1500e+00  1.2910e+02 
(1)  5.1667e+00  2.3100e+01 
(2)  0.0000e+00  2.6000e+01 
 Time to insert 10700 nodes = 3.29e-01, time per node = 3.07e-05 
 Time for 1070 queries = 1.10e+00, time/query = 1.03e-03 
 Time to insert 10700 nodes = 3.22e-01, time per node = 3.01e-05 
 Time for 1070 queries = 1.11e+00, time/query = 1.04e-03 
(2) Time to insert 10700 nodes = 1.80e-01, time per node = 1.69e-05 
(2) Time for 1070 queries = 5.28e-01, time/query = 4.93e-04 
(2) Time to insert 10700 nodes = 1.80e-01, time per node = 1.68e-05 
(2) Time for 1070 queries = 5.26e-01, time/query = 4.92e-04 
(3) Time to insert 10700 nodes = 2.26e-01, time per node = 2.11e-05 
(3) Time for 1070 queries = 7.53e-01, time/query = 7.03e-04 
(3) Time to insert 10700 nodes = 2.26e-01, time per node = 2.11e-05 
(3) Time for 1070 queries = 7.64e-01, time/query = 7.14e-04 




// changed tuple to "new" data


global bounding box
    (        0) (        1) 
(0) -7.1500e+00  1.2910e+02 
(1)  5.1667e+00  2.3100e+01 
(2)  0.0000e+00  2.6000e+01 
 Time to insert 10700 nodes = 3.98e-01, time per node = 3.72e-05 
 Time for 1070 queries = 1.38e+00, time/query = 1.29e-03 
 Time to insert 10700 nodes = 3.91e-01, time per node = 3.65e-05 
 Time for 1070 queries = 1.39e+00, time/query = 1.30e-03 
(2) Time to insert 10700 nodes = 1.87e-01, time per node = 1.75e-05 
(2) Time for 1070 queries = 5.83e-01, time/query = 5.45e-04 
(2) Time to insert 10700 nodes = 1.87e-01, time per node = 1.75e-05 
(2) Time for 1070 queries = 5.83e-01, time/query = 5.44e-04 

(3) Time to insert 10700 nodes = 2.03e-01, time per node = 1.90e-05 
(3) Time for 1070 queries = 5.51e-01, time/query = 5.15e-04 
(3) Time to insert 10700 nodes = 2.06e-01, time per node = 1.93e-05 
(3) Time for 1070 queries = 5.62e-01, time/query = 5.25e-04 
