mpirun -np 2 -all-local pogi
mpirun -np 2 -all-local -machinefile machinefile pogi



************ 060306 -- added perioidic update after pogi

 >>>dw=5, Setting TZ degreeOfSpacePolynomial=4<<<
 >>>>>>>>> Time for POGI::interpolate =7.00e-03  (3032 interpolation pts, 2 processors)<<<<<<<
 ============== maximum error = 3.37e-10 (3 components, dw=5, sparse, sic5e.order4.hdf)====================



 >>>dw=3, Setting TZ degreeOfSpacePolynomial=2<<<
 >>>>>>>>> Time for POGI::interpolate =1.79e-03  (84 interpolation pts, 2 processors)<<<<<<<
 ============== maximum error = 4.09e-04 (3 components, dw=3, sparse, cice.hdf)====================


 >>>dw=3, Setting TZ degreeOfSpacePolynomial=2<<<
 >>>>>>>>> POGI:Time for setup =7.76e-04 (excluding read from file) <<<<<<<
 >>>>>>>>> Time for POGI::interpolate =4.99e-04  (84 interpolation pts, 1 processors)<<<<<<<
 ============== maximum error = 4.09e-04 (3 components, dw=3, sparse, cice.hdf)====================



  >>>dw=5, Setting TZ degreeOfSpacePolynomial=4<<<
 >>>>>>>>> Time for POGI::interpolate =1.97e-01  (58968 interpolation pts, 2 processors)<<<<<<<
 ============== maximum error = 9.41e-06 (3 components, dw=5, sparse, bis2e.order4.hdf)====================







=== optimized sparse version

**** check errors ****

>>>dw=5, Setting TZ degreeOfSpacePolynomial=4<<<
 >>>>>>>>> POGI:Time for setup =5.41e-01 (excluding read from file) <<<<<<<
 >>>>>>>>> Time for POGI::interpolate =7.69e-01  (236176 interpolation pts, 2 processors)<<<<<<<
 ============== maximum error = 5.06e+00 (3 components)====================

>>>dw=5, Setting TZ degreeOfSpacePolynomial=4<<<
 >>>>>>>>> POGI:Time for setup =8.22e-01 (excluding read from file) <<<<<<<
 >>>>>>>>> Time for POGI::interpolate =1.54e+00  (236176 interpolation pts, 1 processors)<<<<<<<
 ============== maximum error = 4.13e-07 (3 components)====================


>>>dw=5, Setting TZ degreeOfSpacePolynomial=4<<<
 >>>>>>>>> POGI:Time for setup =8.29e-01 (excluding read from file) <<<<<<<
 >>>>>>>>> Time for POGI::interpolate =1.68e+00  (236176 interpolation pts, 1 processors)<<<<<<<
 ============== maximum error = 4.13e-07 (3 components)====================


=== switched order of components and i

>>>dw=5, Setting TZ degreeOfSpacePolynomial=4<<<
 >>>>>>>>> POGI:Time for setup =3.17e+00 (excluding read from file) <<<<<<<
 >>>>>>>>> Time for POGI::interpolate =4.89e+00  (236176 interpolation pts, 1 processors)<<<<<<<
 ============== maximum error = 4.13e-07 (3 components)====================


*********************************

bis3e.order4.hdf -O3

>>>dw=5, Setting TZ degreeOfSpacePolynomial=4<<<
 >>>>>>>>> POGI:Time for setup =3.15e+00 (excluding read from file) <<<<<<<
 >>>>>>>>> Time for POGI::interpolate =4.87e+00  (236176 interpolation pts, 1 processors)<<<<<<<
 ============== maximum error = 4.13e-07 (3 components)====================

=== 2 processors:
>>>dw=5, Setting TZ degreeOfSpacePolynomial=4<<<
 >>>>>>>>> POGI:Time for setup =2.24e+00 (excluding read from file) <<<<<<<
 >>>>>>>>> Time for POGI::interpolate =2.65e+00  (236176 interpolation pts, 2 processors)<<<<<<<
 ============== maximum error = 5.06e+00 (3 components)====================


****************************
bis2e.order4:

***   -O3 
>>>dw=5, Setting TZ degreeOfSpacePolynomial=4<<<
 >>>>>>>>> POGI:Time for setup =5.88e-01 (excluding read from file) <<<<<<<
 >>>>>>>>> Time for POGI::interpolate =7.54e-01  (58968 interpolation pts, 1 processors)<<<<<<<
 ============== maximum error = 9.41e-06 (3 components)====================


>>>dw=5, Setting TZ degreeOfSpacePolynomial=4<<<
 >>>>>>>>> POGI:Time for setup =7.49e-01 (excluding read from file) <<<<<<<
 >>>>>>>>> Time for POGI::interpolate =9.41e-01  (58968 interpolation pts, 1 processors)<<<<<<<
 ============== maximum error = 9.41e-06 (3 components)====================

>>>dw=5, Setting TZ degreeOfSpacePolynomial=4<<<
 >>>>>>>>> POGI:Time for setup =7.33e-01 (excluding read from file) <<<<<<<
 >>>>>>>>> Time for POGI::interpolate =4.58e-01  (58968 interpolation pts, 1 processors)<<<<<<<
 ============== maximum error = 9.41e-06 ====================

******************

>>>dw=5, Setting TZ degreeOfSpacePolynomial=4<<<
 >>>>>>>>> POGI:Time for setup =3.59e+00 (excluding read from file) <<<<<<<
 >>>>>>>>> Time for POGI::interpolate =2.64e+00  (236176 interpolation pts, 1 processors)<<<<<<<
 ============== maximum error = 4.13e-07 ====================


*** 040208

 /home/henshaw/Overture/ogen/bis3e.order4.hdf


>>>dw=5, Setting TZ degreeOfSpacePolynomial=4<<<
 >>>>>>>>> Time for setup =3.87e+00 (excluding read from file) <<<<<<<
 >>>>>>>>> Time for POGI::interpolate =3.39e+00  (236176 interpolation pts, 1 processors)<<<<<<<
 ============== maximum error = 4.13e-07 ====================

