*********************** YEE solidSphereInABoxe2.Yee.out **************************

-->t=1.0000e+00 dt=2.0e-02 maxNorm errors:[3.2271e-01,1.8389e-01,1.5882e-01,1.5824e-01,7.8629e-02,2.7641e-01,], maxNorm (u):[1.78e+00,4.36e+00,8.91e-01,1.42e+00,1.59e+00,6.42e+00,]
-->t=1.0000e+00 dt=2.0e-02 l1-norm errors:[3.0282e-03,1.0944e-02,1.7026e-03,3.4667e-03,1.8557e-03,1.2662e-02,], l1-norm (u):[1.17e-01,5.99e-01,6.71e-02,2.05e-01,1.02e-01,6.66e-01,]
>>> Mx Yee: t=1.00e+00, dt=2.0e-02 TS=default  order(X,T)=(2,2) |div(E)|=2.42e+01, |div(E)|/|grad(E)|=1.03e+00, |grad(E)|=2.36e+01 (50 steps)
>>> Mx Yee: t=1.00e+00, dt=2.0e-02 TS=default  order(X,T)=(2,2) |div(E)|=2.42e+01, |div(E)|/|grad(E)|=1.03e+00, |grad(E)|=2.36e+01 (50 steps)
finish

              ---------Maxwell Summary------- 
                       Sun Jun 14 08:47:39 2009
               Grid:   bigBox2.order2 
  ==== numberOfStepsTaken =       50, grids=1, gridpts =614125, interp pts=0, processors=16 ==== 
  ==== memory per-proc: [min=52.7656,ave=58.6257,max=85.9023](Mb), max-recorded=0 (Mb), total=938.012 (Mb)
   Timings:         (ave-sec/proc:)   seconds    sec/step   sec/step/pt     %     [max-s/proc] [min-s/proc]
total time..........................  2.95e+00    5.89e-02    9.60e-08   100.000   2.947e+00   2.946e+00
setup and initialize................  3.26e-02    6.51e-04    1.06e-09     1.105   3.284e-02   3.204e-02
initial conditions..................  1.45e+00    2.90e-02    4.72e-08    49.158   1.577e+00   1.282e+00
advance.............................  8.25e-01    1.65e-02    2.69e-08    27.985   8.527e-01   7.975e-01
   (advOpt).........................  4.91e-01    9.82e-03    1.60e-08    16.656   5.104e-01   4.623e-01
  update ghost (parallel)...........  3.33e-01    6.66e-03    1.08e-08    11.299   3.521e-01   3.112e-01
get errors..........................  3.69e-01    7.39e-03    1.20e-08    12.532   5.565e-01   1.945e-01
compute dt..........................  1.19e-02    2.37e-04    3.86e-10     0.402   1.236e-02   1.120e-02
plotting............................  2.80e-01    5.60e-03    9.12e-09     9.506   2.802e-01   2.799e-01
waiting (not counted)...............  9.30e-04    1.86e-05    3.03e-11     0.032   1.177e-03   8.480e-04


*********************** YEE solidSphereInABoxe4.Yee.out **************************
-->t=1.0000e+00 dt=1.1e-02 maxNorm errors:[2.7325e-01,1.6915e-01,1.4274e-01,7.1422e-02,6.0727e-02,1.2607e-01,], maxNorm (u):[1.77e+00,4.44e+00,9.02e-01,1.43e+00,1.56e+00,6.40e+00,]
-->t=1.0000e+00 dt=1.1e-02 l1-norm errors:[1.2817e-03,2.9829e-03,8.2458e-04,1.0651e-03,8.4835e-04,3.3860e-03,], l1-norm (u):[1.17e-01,6.03e-01,6.79e-02,2.09e-01,1.04e-01,6.63e-01,]
>>> Mx Yee: t=1.00e+00, dt=1.1e-02 TS=default  order(X,T)=(2,2) |div(E)|=4.69e+01, |div(E)|/|grad(E)|=1.09e+00, |grad(E)|=4.29e+01 (90 steps)
>>> Mx Yee: t=1.00e+00, dt=1.1e-02 TS=default  order(X,T)=(2,2) |div(E)|=4.69e+01, |div(E)|/|grad(E)|=1.09e+00, |grad(E)|=4.29e+01 (90 steps)
finish

              ---------Maxwell Summary------- 
                       Sun Jun 14 08:51:36 2009
               Grid:   bigBox4.order2 
  ==== numberOfStepsTaken =       90, grids=1, gridpts =4.49212e+06, interp pts=0, processors=32 ==== 
  ==== memory per-proc: [min=117.746,ave=123.732,max=151.93](Mb), max-recorded=0 (Mb), total=3959.43 (Mb)
   Timings:         (ave-sec/proc:)   seconds    sec/step   sec/step/pt     %     [max-s/proc] [min-s/proc]
total time..........................  1.22e+01    1.35e-01    3.02e-08   100.000   1.219e+01   1.219e+01
setup and initialize................  6.82e-02    7.58e-04    1.69e-10     0.560   7.125e-02   6.519e-02
initial conditions..................  4.99e+00    5.55e-02    1.24e-08    40.963   5.744e+00   4.504e+00
advance.............................  4.76e+00    5.29e-02    1.18e-08    39.067   4.850e+00   4.695e+00
   (advOpt).........................  3.16e+00    3.51e-02    7.81e-09    25.908   3.296e+00   2.961e+00
  update ghost (parallel)...........  1.61e+00    1.79e-02    3.98e-09    13.204   1.816e+00   1.495e+00
get errors..........................  1.56e+00    1.74e-02    3.87e-09    12.831   2.089e+00   7.144e-01
compute dt..........................  1.58e-02    1.76e-04    3.91e-11     0.130   1.700e-02   1.416e-02
plotting............................  8.28e-01    9.20e-03    2.05e-09     6.789   8.281e-01   8.274e-01
waiting (not counted)...............  8.07e-04    8.97e-06    2.00e-12     0.007   1.198e-03   6.570e-04


*********************** YEE solidSphereInABoxe8.Yee.out **************************


-->t=1.0000e+00 dt=5.6e-03 maxNorm errors:[2.9071e-01,1.7522e-01,1.5764e-01,4.5429e-02,6.3941e-02,9.2176e-02,], maxNorm (u):[1.77e+00,4.45e+00,9.32e-01,1.44e+00,1.58e+00,6.40e+00,]
-->t=1.0000e+00 dt=5.6e-03 l1-norm errors:[6.5864e-04,1.0016e-03,4.6018e-04,4.5332e-04,4.7968e-04,1.1149e-03,], l1-norm (u):[1.17e-01,6.05e-01,6.82e-02,2.11e-01,1.04e-01,6.68e-01,]
>>> Mx Yee: t=1.00e+00, dt=5.6e-03 TS=default  order(X,T)=(2,2) |div(E)|=9.48e+01, |div(E)|/|grad(E)|=1.13e+00, |grad(E)|=8.38e+01 (180 steps)
>>> Mx Yee: t=1.00e+00, dt=5.6e-03 TS=default  order(X,T)=(2,2) |div(E)|=9.48e+01, |div(E)|/|grad(E)|=1.13e+00, |grad(E)|=8.38e+01 (180 steps)
finish

              ---------Maxwell Summary------- 
                       Sun Jun 14 08:55:28 2009
               Grid:   bigBox8.order2 
  ==== numberOfStepsTaken =      180, grids=1, gridpts =3.43281e+07, interp pts=0, processors=32 ==== 
  ==== memory per-proc: [min=425.133,ave=433.742,max=459.418](Mb), max-recorded=0 (Mb), total=13879.8 (Mb)
   Timings:         (ave-sec/proc:)   seconds    sec/step   sec/step/pt     %     [max-s/proc] [min-s/proc]
total time..........................  1.11e+02    6.17e-01    1.80e-08   100.000   1.111e+02   1.111e+02
setup and initialize................  3.17e-01    1.76e-03    5.13e-11     0.285   3.191e-01   3.149e-01
initial conditions..................  3.57e+01    1.98e-01    5.77e-09    32.126   4.085e+01   3.278e+01
advance.............................  5.81e+01    3.23e-01    9.40e-09    52.296   5.831e+01   5.775e+01
   (advOpt).........................  4.70e+01    2.61e-01    7.60e-09    42.302   4.806e+01   4.577e+01
  update ghost (parallel)...........  1.12e+01    6.20e-02    1.81e-09    10.053   1.254e+01   9.970e+00
get errors..........................  1.06e+01    5.91e-02    1.72e-09     9.578   1.378e+01   5.049e+00
compute dt..........................  1.23e-02    6.83e-05    1.99e-12     0.011   2.263e-02   6.630e-04
plotting............................  6.36e+00    3.53e-02    1.03e-09     5.728   6.369e+00   6.357e+00
waiting (not counted)...............  9.32e-04    5.18e-06    1.51e-13     0.001   1.240e-03   8.340e-04

****************** solidSphereInABoxe2.order2.diss11.out **********************

-->t=1.0000e+00 dt=2.0e-02 maxNorm errors:[2.3310e-01,5.7381e-01,1.9767e-01,], maxNorm (u):[1.55e+00,3.73e+00,7.11e-01,]
-->t=1.0000e+00 dt=2.0e-02 l1-norm errors:[8.0259e-03,3.0265e-02,6.1653e-03,], l1-norm (u):[8.50e-02,5.74e-01,5.30e-02,]
>>> Mx NFDTD: t=1.00e+00, dt=2.0e-02 TS=ME order(X,T)=(2,2) ad=1.00(order=2) |div(E)|=6.44e-01, |div(E)|/|grad(E)|=2.73e-02, |grad(E)|=2.36e+01 (50 steps)
>>> Mx NFDTD: t=1.00e+00, dt=2.0e-02 TS=ME order(X,T)=(2,2) ad=1.00(order=2) |div(E)|=6.44e-01, |div(E)|/|grad(E)|=2.73e-02, |grad(E)|=2.36e+01 (50 steps)

              ---------Maxwell Summary------- 
                       Sun Jun 14 08:37:21 2009
               Grid:   solidSphereInABoxe2.order2 
  ==== numberOfStepsTaken =       50, grids=8, gridpts =716925, interp pts=24338, processors=16 ==== 
  ==== memory per-proc: [min=41.4883,ave=47.6863,max=78.2148](Mb), max-recorded=78.168 (Mb), total=762.98 (Mb)
   Timings:         (ave-sec/proc:)   seconds    sec/step   sec/step/pt     %     [max-s/proc] [min-s/proc]
total time..........................  3.07e+00    6.13e-02    8.55e-08   100.000   3.066e+00   3.065e+00
setup and initialize................  2.33e-01    4.65e-03    6.49e-09     7.590   2.531e-01   2.178e-01
initial conditions..................  5.71e-01    1.14e-02    1.59e-08    18.615   5.714e-01   5.703e-01
advance.............................  1.80e+00    3.60e-02    5.02e-08    58.704   1.823e+00   1.773e+00
  advance rectangular grids.........  3.41e-01    6.82e-03    9.51e-09    11.124   3.809e-01   2.980e-01
  advance curvilinear grids.........  1.25e-01    2.50e-03    3.48e-09     4.069   2.216e-01   4.055e-02
   (advOpt).........................  3.54e-01    7.08e-03    9.87e-09    11.542   3.781e-01   3.152e-01
  boundary conditions...............  2.08e-01    4.15e-03    5.79e-09     6.771   2.555e-01   1.679e-01
  interface bc......................  1.87e-01    3.75e-03    5.23e-09     6.110   3.634e-01   3.689e-02
  interpolation.....................  6.24e-01    1.25e-02    1.74e-08    20.359   7.118e-01   4.464e-01
  update ghost (parallel)...........  2.94e-01    5.89e-03    8.21e-09     9.602   4.537e-01   1.556e-01
get errors..........................  2.83e-01    5.65e-03    7.89e-09     9.222   3.064e-01   2.553e-01
compute dt..........................  2.35e-02    4.70e-04    6.55e-10     0.766   3.422e-02   5.637e-03
plotting............................  2.20e-01    4.41e-03    6.15e-09     7.185   2.216e-01   2.199e-01


****************** solidSphereInABoxe4.order2.diss11.out **********************
-->t=1.0000e+00 dt=1.0e-02 maxNorm errors:[4.8566e-02,1.3528e-01,4.5779e-02,], maxNorm (u):[1.72e+00,4.30e+00,8.59e-01,]
-->t=1.0000e+00 dt=1.0e-02 l1-norm errors:[1.8386e-03,7.0820e-03,1.4537e-03,], l1-norm (u):[9.17e-02,5.94e-01,5.91e-02,]
>>> Mx NFDTD: t=1.00e+00, dt=1.0e-02 TS=ME order(X,T)=(2,2) ad=1.00(order=2) |div(E)|=2.49e-01, |div(E)|/|grad(E)|=9.41e-03, |grad(E)|=2.64e+01 (100 steps)
>>> Mx NFDTD: t=1.00e+00, dt=1.0e-02 TS=ME order(X,T)=(2,2) ad=1.00(order=2) |div(E)|=2.49e-01, |div(E)|/|grad(E)|=9.41e-03, |grad(E)|=2.64e+01 (100 steps)

              ---------Maxwell Summary------- 
                       Sun Jun 14 08:41:04 2009
               Grid:   solidSphereInABoxe4.order2 
  ==== numberOfStepsTaken =      100, grids=8, gridpts =5.12056e+06, interp pts=86018, processors=32 ==== 
  ==== memory per-proc: [min=75.5508,ave=81.3578,max=112.859](Mb), max-recorded=112.812 (Mb), total=2603.45 (Mb)
   Timings:         (ave-sec/proc:)   seconds    sec/step   sec/step/pt     %     [max-s/proc] [min-s/proc]
total time..........................  1.30e+01    1.30e-01    2.54e-08   100.000   1.298e+01   1.298e+01
setup and initialize................  5.18e-01    5.18e-03    1.01e-09     3.992   5.601e-01   4.951e-01
initial conditions..................  1.72e+00    1.72e-02    3.36e-09    13.238   1.720e+00   1.718e+00
advance.............................  8.97e+00    8.97e-02    1.75e-08    69.118   9.038e+00   8.929e+00
  advance rectangular grids.........  2.89e+00    2.89e-02    5.63e-09    22.226   4.844e+00   2.197e+00
  advance curvilinear grids.........  3.58e-01    3.58e-03    6.99e-10     2.756   9.672e-01   7.519e-02
   (advOpt).........................  2.94e+00    2.94e-02    5.73e-09    22.618   4.834e+00   2.278e+00
  boundary conditions...............  2.86e-01    2.86e-03    5.58e-10     2.203   4.744e-01   1.058e-01
  interface bc......................  4.35e-01    4.35e-03    8.50e-10     3.354   1.313e+00   7.263e-02
  interpolation.....................  2.92e+00    2.92e-02    5.70e-09    22.491   4.113e+00   2.026e+00
  update ghost (parallel)...........  2.16e+00    2.16e-02    4.22e-09    16.636   3.302e+00   7.906e-01
get errors..........................  1.01e+00    1.01e-02    1.98e-09     7.815   1.055e+00   9.456e-01
compute dt..........................  5.18e-02    5.18e-04    1.01e-10     0.399   6.864e-02   1.651e-02
plotting............................  8.35e-01    8.35e-03    1.63e-09     6.436   8.375e-01   8.351e-01

****************** solidSphereInABoxe8.order2.diss11.out *****************


-->t=1.0000e+00 dt=5.6e-03 maxNorm errors:[1.2892e-02,3.6382e-02,1.2181e-02,], maxNorm (u):[1.75e+00,4.41e+00,8.87e-01,]
-->t=1.0000e+00 dt=5.6e-03 l1-norm errors:[4.6548e-04,1.7997e-03,3.5791e-04,], l1-norm (u):[9.28e-02,6.02e-01,5.84e-02,]
>>> Mx NFDTD: t=1.00e+00, dt=5.6e-03 TS=ME order(X,T)=(2,2) ad=1.00(order=2) |div(E)|=7.76e-02, |div(E)|/|grad(E)|=2.86e-03, |grad(E)|=2.71e+01 (180 steps)
>>> Mx NFDTD: t=1.00e+00, dt=5.6e-03 TS=ME order(X,T)=(2,2) ad=1.00(order=2) |div(E)|=7.76e-02, |div(E)|/|grad(E)|=2.86e-03, |grad(E)|=2.71e+01 (180 steps)

              ---------Maxwell Summary------- 
                       Sun Jun 14 08:32:55 2009
               Grid:   solidSphereInABoxe8.order2 
  ==== numberOfStepsTaken =      180, grids=8, gridpts =3.82665e+07, interp pts=346230, processors=32 ==== 
  ==== memory per-proc: [min=304.012,ave=325.184,max=372.461](Mb), max-recorded=357.676 (Mb), total=10405.9 (Mb)
   Timings:         (ave-sec/proc:)   seconds    sec/step   sec/step/pt     %     [max-s/proc] [min-s/proc]
total time..........................  1.27e+02    7.07e-01    1.85e-08   100.000   1.273e+02   1.273e+02
setup and initialize................  2.21e+00    1.23e-02    3.21e-10     1.740   2.394e+00   2.070e+00
initial conditions..................  1.03e+01    5.73e-02    1.50e-09     8.104   1.032e+01   1.031e+01
advance.............................  1.01e+02    5.63e-01    1.47e-08    79.657   1.016e+02   1.012e+02
  advance rectangular grids.........  4.32e+01    2.40e-01    6.27e-09    33.936   5.072e+01   3.144e+01
  advance curvilinear grids.........  4.06e+00    2.25e-02    5.89e-10     3.187   9.742e+00   1.390e-01
   (advOpt).........................  4.41e+01    2.45e-01    6.40e-09    34.620   5.160e+01   3.295e+01
  boundary conditions...............  1.51e+00    8.38e-03    2.19e-10     1.185   2.693e+00   3.568e-01
  interface bc......................  2.45e+00    1.36e-02    3.55e-10     1.922   6.699e+00   1.398e-01
  interpolation.....................  2.79e+01    1.55e-01    4.05e-09    21.909   4.346e+01   1.533e+01
  update ghost (parallel)...........  2.29e+01    1.27e-01    3.32e-09    17.991   4.188e+01   7.197e+00
get errors..........................  6.94e+00    3.85e-02    1.01e-09     5.451   7.123e+00   6.714e+00
compute dt..........................  2.36e-01    1.31e-03    3.42e-11     0.185   3.400e-01   9.774e-02
plotting............................  6.59e+00    3.66e-02    9.57e-10     5.181   6.593e+00   6.593e+00


************************ solidSphereInABoxe2.order4.dissOrder8new.cfl0p5.out *****************************

-->t=1.0000e+00 dt=1.3e-02 maxNorm errors:[3.0799e-02,4.3991e-02,2.0117e-02,], maxNorm (u):[1.74e+00,4.33e+00,8.73e-01,]
Exiting P++ Virtual Machine! 
-->t=1.0000e+00 dt=1.3e-02 l1-norm errors:[5.0031e-04,1.4992e-03,2.9228e-04,], l1-norm (u):[9.11e-02,6.04e-01,5.92e-02,]
Exiting P++ Virtual Machine! 
>>> Mx NFDTD: t=1.00e+00, dt=1.3e-02 TS=ME order(X,T)=(4,4) ad=1.00(order=8) |div(E)|=3.71e-01, |div(E)|/|grad(E)|=1.37e-02, |grad(E)|=2.71e+01 (80 steps)
Exiting P++ Virtual Machine! 
>>> Mx NFDTD: t=1.00e+00, dt=1.3e-02 TS=ME order(X,T)=(4,4) ad=1.00(order=8) |div(E)|=3.71e-01, |div(E)|/|grad(E)|=1.37e-02, |grad(E)|=2.71e+01 (80 steps)
Exiting P++ Virtual Machine! 

              ---------Maxwell Summary------- 
                       Mon Jun 15 07:27:10 2009
               Grid:   solidSphereInABoxe2.order4 
  ==== numberOfStepsTaken =       80, grids=8, gridpts =728013, interp pts=55548, processors=16 ==== 
  ==== memory per-proc: [min=41.3516,ave=49.2595,max=78.5469](Mb), max-recorded=78.5 (Mb), total=788.152 (Mb)
   Timings:         (ave-sec/proc:)   seconds    sec/step   sec/step/pt     %     [max-s/proc] [min-s/proc]
total time..........................  8.02e+00    1.00e-01    1.38e-07   100.000   8.020e+00   8.019e+00
setup and initialize................  2.68e-01    3.35e-03    4.61e-09     3.345   2.765e-01   2.461e-01
initial conditions..................  6.17e-01    7.71e-03    1.06e-08     7.695   6.184e-01   6.170e-01
Exiting P++ Virtual Machine! 
advance.............................  6.68e+00    8.35e-02    1.15e-07    83.313   6.695e+00   6.636e+00
  advance rectangular grids.........  4.30e-01    5.38e-03    7.38e-09     5.362   4.948e-01   3.759e-01
  advance curvilinear grids.........  1.16e+00    1.45e-02    1.99e-08    14.420   1.507e+00   1.063e-01
   (advOpt).........................  4.43e-01    5.54e-03    7.61e-09     5.523   5.162e-01   3.879e-01
  add dissipation...................  1.38e+00    1.73e-02    2.37e-08    17.239   2.222e+00   9.889e-01
  boundary conditions...............  4.53e-01    5.66e-03    7.78e-09     5.651   5.028e-01   4.229e-01
  interface bc......................  1.02e+00    1.27e-02    1.74e-08    12.671   1.318e+00   5.656e-02
  interpolation.....................  1.76e+00    2.20e-02    3.02e-08    21.958   2.090e+00   1.012e+00
  update ghost (parallel)...........  7.99e-01    9.99e-03    1.37e-08     9.967   1.583e+00   3.307e-01
Exiting P++ Virtual Machine! 
get errors..........................  2.76e-01    3.45e-03    4.74e-09     3.444   3.183e-01   2.590e-01
compute dt..........................  1.51e-02    1.88e-04    2.59e-10     0.188   2.855e-02   9.271e-03
plotting............................  2.40e-01    3.00e-03    4.13e-09     2.996   2.415e-01   2.399e-01

************************* solidSphereInABoxe4nrMin15.order4.dissOrder8new.out *****************************

-->t=1.0000e+00 dt=5.6e-03 maxNorm errors:[1.7667e-03,2.2152e-03,1.5612e-03,], maxNorm (u):[1.74e+00,4.43e+00,8.97e-01,]
-->t=1.0000e+00 dt=5.6e-03 l1-norm errors:[2.9740e-05,8.6697e-05,2.1925e-05,], l1-norm (u):[8.81e-02,6.10e-01,5.35e-02,]
>>> Mx NFDTD: t=1.00e+00, dt=5.6e-03 TS=ME order(X,T)=(4,4) ad=1.00(order=8) |div(E)|=2.71e-02, |div(E)|/|grad(E)|=9.97e-04, |grad(E)|=2.72e+01 (180 steps)
>>> Mx NFDTD: t=1.00e+00, dt=5.6e-03 TS=ME order(X,T)=(4,4) ad=1.00(order=8) |div(E)|=2.71e-02, |div(E)|/|grad(E)|=9.97e-04, |grad(E)|=2.72e+01 (180 steps)

              ---------Maxwell Summary------- 
                       Mon Jun 15 07:23:21 2009
               Grid:   solidSphereInABoxe4nrMin15.order4 
  ==== numberOfStepsTaken =      180, grids=8, gridpts =5.08116e+06, interp pts=233452, processors=16 ==== 
  ==== memory per-proc: [min=107.637,ave=124.273,max=154.43](Mb), max-recorded=154.383 (Mb), total=1988.37 (Mb)
   Timings:         (ave-sec/proc:)   seconds    sec/step   sec/step/pt     %     [max-s/proc] [min-s/proc]
total time..........................  7.54e+01    4.19e-01    8.24e-08   100.000   7.536e+01   7.536e+01
setup and initialize................  1.14e+00    6.32e-03    1.24e-09     1.508   1.199e+00   1.037e+00
Exiting P++ Virtual Machine! 
initial conditions..................  3.34e+00    1.86e-02    3.65e-09     4.432   3.345e+00   3.339e+00
advance.............................  6.76e+01    3.76e-01    7.39e-08    89.714   6.766e+01   6.749e+01
  advance rectangular grids.........  7.27e+00    4.04e-02    7.95e-09     9.647   9.497e+00   5.868e+00
  advance curvilinear grids.........  1.77e+01    9.83e-02    1.93e-08    23.478   2.609e+01   2.702e-01
   (advOpt).........................  7.54e+00    4.19e-02    8.24e-09     9.998   9.824e+00   6.180e+00
  add dissipation...................  1.45e+01    8.06e-02    1.59e-08    19.245   1.740e+01   1.176e+01
  boundary conditions...............  3.46e+00    1.92e-02    3.78e-09     4.592   4.037e+00   3.200e+00
  interface bc......................  2.71e+00    1.51e-02    2.97e-09     3.601   3.837e+00   1.334e-01
  interpolation.....................  2.04e+01    1.13e-01    2.23e-08    27.021   3.475e+01   8.943e+00
  update ghost (parallel)...........  5.67e+00    3.15e-02    6.19e-09     7.518   8.025e+00   2.829e+00
get errors..........................  1.75e+00    9.74e-03    1.92e-09     2.325   1.867e+00   1.694e+00
compute dt..........................  1.25e-01    6.93e-04    1.36e-10     0.166   1.998e-01   4.706e-02
plotting............................  1.74e+00    9.68e-03    1.90e-09     2.312   1.742e+00   1.742e+00


************************** solidSphereInABoxe8nrMin15.order4.dissOrder8new.cfl0p33.out *******************

-->t=1.0000e+00 dt=2.4e-03 maxNorm errors:[2.3741e-04,3.2209e-04,2.0709e-04,], maxNorm (u):[1.76e+00,4.45e+00,8.97e-01,]
-->t=1.0000e+00 dt=2.4e-03 l1-norm errors:[5.1305e-06,5.6745e-06,3.7575e-06,], l1-norm (u):[9.25e-02,6.05e-01,5.77e-02,]
>>> Mx NFDTD: t=1.00e+00, dt=2.4e-03 TS=ME order(X,T)=(4,4) ad=1.00(order=8) |div(E)|=4.31e-03, |div(E)|/|grad(E)|=1.58e-04, |grad(E)|=2.74e+01 (420 steps)
>>> Mx NFDTD: t=1.00e+00, dt=2.4e-03 TS=ME order(X,T)=(4,4) ad=1.00(order=8) |div(E)|=4.31e-03, |div(E)|/|grad(E)|=1.58e-04, |grad(E)|=2.74e+01 (420 steps)

              ---------Maxwell Summary------- 
                       Mon Jun 15 07:44:02 2009
               Grid:   solidSphereInABoxe8nrMin15.order4 
  ==== numberOfStepsTaken =      420, grids=8, gridpts =3.81586e+07, interp pts=745884, processors=32 ==== 
  ==== memory per-proc: [min=289.672,ave=329.889,max=373.539](Mb), max-recorded=373.488 (Mb), total=10556.4 (Mb)
   Timings:         (ave-sec/proc:)   seconds    sec/step   sec/step/pt     %     [max-s/proc] [min-s/proc]
total time..........................  6.72e+02    1.60e+00    4.20e-08   100.000   6.724e+02   6.724e+02
setup and initialize................  2.96e+00    7.04e-03    1.84e-10     0.440   3.090e+00   2.742e+00
initial conditions..................  1.10e+01    2.63e-02    6.88e-10     1.640   1.104e+01   1.103e+01
advance.............................  6.45e+02    1.54e+00    4.03e-08    95.978   6.456e+02   6.450e+02
  advance rectangular grids.........  9.00e+01    2.14e-01    5.61e-09    13.383   1.191e+02   5.765e+01
  advance curvilinear grids.........  9.04e+01    2.15e-01    5.64e-09    13.442   1.508e+02   6.583e-01
   (advOpt).........................  9.10e+01    2.17e-01    5.68e-09    13.535   1.191e+02   5.759e+01
  add dissipation...................  1.58e+02    3.77e-01    9.87e-09    23.531   1.740e+02   1.465e+02
  boundary conditions...............  2.22e+01    5.28e-02    1.38e-09     3.297   2.460e+01   1.756e+01
  interface bc......................  1.43e+01    3.42e-02    8.95e-10     2.134   2.276e+01   3.377e-01
  interpolation.....................  1.98e+02    4.71e-01    1.23e-08    29.429   3.174e+02   6.535e+01
  update ghost (parallel)...........  9.92e+01    2.36e-01    6.19e-09    14.758   2.221e+02   3.408e+01
get errors..........................  6.74e+00    1.60e-02    4.20e-10     1.002   7.109e+00   6.505e+00
compute dt..........................  2.83e-01    6.74e-04    1.77e-11     0.042   4.325e-01   1.452e-01
plotting............................  6.82e+00    1.62e-02    4.26e-10     1.015   6.823e+00   6.821e+00








********************* solidSphereInABoxe2.order4.diss48.out *******************

-->t=1.0000e+00 dt=2.6e-03 maxNorm errors:[6.6218e-01,9.4795e-01,3.5353e-01,], maxNorm (u):[1.15e+00,3.34e+00,5.45e-01,]
-->t=1.0000e+00 dt=2.6e-03 l1-norm errors:[1.6881e-02,5.5788e-02,1.2213e-02,], l1-norm (u):[7.64e-02,5.63e-01,4.83e-02,]
>>> Mx NFDTD: t=1.00e+00, dt=2.6e-03 TS=ME order(X,T)=(4,4) adr=4.00,adc=8.00(order=4) |div(E)|=2.24e+00, |div(E)|/|grad(E)|=9.50e-02, |grad(E)|=2.36e+01 (390 steps)
>>> Mx NFDTD: t=1.00e+00, dt=2.6e-03 TS=ME order(X,T)=(4,4) adr=4.00,adc=8.00(order=4) |div(E)|=2.24e+00, |div(E)|/|grad(E)|=9.50e-02, |grad(E)|=2.36e+01 (390 steps)

              ---------Maxwell Summary------- 
                       Sun Jun 14 08:12:16 2009
               Grid:   solidSphereInABoxe2.order4 
  ==== numberOfStepsTaken =      390, grids=8, gridpts =728013, interp pts=55548, processors=16 ==== 
  ==== memory per-proc: [min=41.3867,ave=49.7307,max=79.2656](Mb), max-recorded=79.2148 (Mb), total=795.691 (Mb)
   Timings:         (ave-sec/proc:)   seconds    sec/step   sec/step/pt     %     [max-s/proc] [min-s/proc]
total time..........................  2.78e+01    7.13e-02    9.79e-08   100.000   2.781e+01   2.781e+01
setup and initialize................  4.82e-01    1.24e-03    1.70e-09     1.733   5.034e-01   4.462e-01
initial conditions..................  6.92e-01    1.78e-03    2.44e-09     2.490   6.935e-01   6.922e-01
advance.............................  2.64e+01    6.76e-02    9.29e-08    94.862   2.639e+01   2.633e+01
  advance rectangular grids.........  4.42e+00    1.13e-02    1.56e-08    15.899   5.212e+00   3.797e+00
  advance curvilinear grids.........  5.90e+00    1.51e-02    2.08e-08    21.209   7.765e+00   5.229e-01
   (advOpt).........................  4.77e+00    1.22e-02    1.68e-08    17.137   5.576e+00   4.014e+00
  boundary conditions...............  2.35e+00    6.03e-03    8.29e-09     8.462   2.594e+00   2.193e+00
  interface bc......................  2.09e+00    5.35e-03    7.34e-09     7.500   2.563e+00   2.770e-01
  interpolation.....................  8.62e+00    2.21e-02    3.04e-08    31.000   1.030e+01   4.911e+00
  update ghost (parallel)...........  4.46e+00    1.14e-02    1.57e-08    16.038   1.014e+01   1.561e+00
get errors..........................  2.71e-01    6.94e-04    9.53e-10     0.974   3.127e-01   2.544e-01
compute dt..........................  1.51e-02    3.88e-05    5.32e-11     0.054   2.865e-02   9.002e-03
plotting............................  2.41e-01    6.18e-04    8.49e-10     0.867   2.421e-01   2.408e-01


********************* solidSphereInABoxe4.order4.diss48.out *******************

-->t=1.0000e+00 dt=2.5e-03 maxNorm errors:[3.6915e-02,7.0869e-02,2.7603e-02,], maxNorm (u):[1.73e+00,4.36e+00,8.75e-01,]
-->t=1.0000e+00 dt=2.5e-03 l1-norm errors:[8.5634e-04,2.0773e-03,7.0198e-04,], l1-norm (u):[9.24e-02,5.98e-01,6.02e-02,]
>>> Mx NFDTD: t=1.00e+00, dt=2.5e-03 TS=ME order(X,T)=(4,4) adr=4.00,adc=8.00(order=4) |div(E)|=1.68e-01, |div(E)|/|grad(E)|=6.20e-03, |grad(E)|=2.70e+01 (400 steps)
>>> Mx NFDTD: t=1.00e+00, dt=2.5e-03 TS=ME order(X,T)=(4,4) adr=4.00,adc=8.00(order=4) |div(E)|=1.68e-01, |div(E)|/|grad(E)|=6.20e-03, |grad(E)|=2.70e+01 (400 steps)

              ---------Maxwell Summary------- 
                       Sun Jun 14 08:15:41 2009
               Grid:   solidSphereInABoxe4.order4 
  ==== numberOfStepsTaken =      400, grids=8, gridpts =5.13117e+06, interp pts=183748, processors=32 ==== 
  ==== memory per-proc: [min=70.7383,ave=80.2281,max=113.992](Mb), max-recorded=113.945 (Mb), total=2567.3 (Mb)
   Timings:         (ave-sec/proc:)   seconds    sec/step   sec/step/pt     %     [max-s/proc] [min-s/proc]
total time..........................  8.53e+01    2.13e-01    4.15e-08   100.000   8.526e+01   8.526e+01
setup and initialize................  8.61e-01    2.15e-03    4.20e-10     1.010   9.153e-01   8.167e-01
initial conditions..................  1.97e+00    4.92e-03    9.59e-10     2.307   1.970e+00   1.967e+00
advance.............................  8.08e+01    2.02e-01    3.94e-08    94.793   8.092e+01   8.076e+01
  advance rectangular grids.........  2.19e+01    5.47e-02    1.07e-08    25.654   2.844e+01   1.504e+01
  advance curvilinear grids.........  1.16e+01    2.89e-02    5.64e-09    13.580   2.834e+01   6.043e-01
   (advOpt).........................  2.25e+01    5.63e-02    1.10e-08    26.406   2.841e+01   1.611e+01
  boundary conditions...............  4.74e+00    1.19e-02    2.31e-09     5.561   5.109e+00   3.930e+00
  interface bc......................  3.10e+00    7.74e-03    1.51e-09     3.632   7.147e+00   2.956e-01
  interpolation.....................  3.19e+01    7.98e-02    1.55e-08    37.415   4.477e+01   1.376e+01
  update ghost (parallel)...........  1.20e+01    3.01e-02    5.86e-09    14.117   2.084e+01   4.517e+00
get errors..........................  1.02e+00    2.55e-03    4.96e-10     1.194   1.079e+00   9.159e-01
compute dt..........................  5.82e-02    1.46e-04    2.84e-11     0.068   8.109e-02   2.496e-02
plotting............................  8.75e-01    2.19e-03    4.26e-10     1.026   8.760e-01   8.746e-01


********************* solidSphereInABoxe8.order4.diss48.out *******************

-->t=1.0000e+00 dt=2.2e-03 maxNorm errors:[1.7460e-03,3.4487e-03,1.1624e-03,], maxNorm (u):[1.76e+00,4.44e+00,8.96e-01,]
-->t=1.0000e+00 dt=2.2e-03 l1-norm errors:[3.9052e-05,8.5734e-05,2.9994e-05,], l1-norm (u):[9.36e-02,6.00e-01,6.15e-02,]
>>> Mx NFDTD: t=1.00e+00, dt=2.2e-03 TS=ME order(X,T)=(4,4) adr=4.00,adc=8.00(order=4) |div(E)|=1.21e-02, |div(E)|/|grad(E)|=4.43e-04, |grad(E)|=2.73e+01 (450 steps)
>>> Mx NFDTD: t=1.00e+00, dt=2.2e-03 TS=ME order(X,T)=(4,4) adr=4.00,adc=8.00(order=4) |div(E)|=1.21e-02, |div(E)|/|grad(E)|=4.43e-04, |grad(E)|=2.73e+01 (450 steps)

              ---------Maxwell Summary------- 
                       Sun Jun 14 08:27:29 2009
               Grid:   solidSphereInABoxe8.order4 
  ==== numberOfStepsTaken =      450, grids=8, gridpts =3.88029e+07, interp pts=669948, processors=32 ==== 
  ==== memory per-proc: [min=313.387,ave=335.464,max=395.879](Mb), max-recorded=395.832 (Mb), total=10734.8 (Mb)
   Timings:         (ave-sec/proc:)   seconds    sec/step   sec/step/pt     %     [max-s/proc] [min-s/proc]
total time..........................  6.59e+02    1.46e+00    3.77e-08   100.000   6.590e+02   6.590e+02
setup and initialize................  2.82e+00    6.27e-03    1.62e-10     0.428   3.165e+00   2.687e+00
initial conditions..................  1.12e+01    2.50e-02    6.43e-10     1.704   1.124e+01   1.123e+01
advance.............................  6.32e+02    1.40e+00    3.62e-08    95.836   6.322e+02   6.314e+02
  advance rectangular grids.........  2.21e+02    4.90e-01    1.26e-08    33.469   2.630e+02   1.632e+02
  advance curvilinear grids.........  5.75e+01    1.28e-01    3.29e-09     8.723   2.575e+02   7.459e-01
   (advOpt).........................  2.23e+02    4.97e-01    1.28e-08    33.911   2.630e+02   1.632e+02
  boundary conditions...............  2.41e+01    5.35e-02    1.38e-09     3.653   2.597e+01   1.669e+01
  interface bc......................  1.17e+01    2.60e-02    6.71e-10     1.777   4.348e+01   3.420e-01
  interpolation.....................  2.64e+02    5.88e-01    1.51e-08    40.123   3.360e+02   7.373e+01
  update ghost (parallel)...........  8.54e+01    1.90e-01    4.89e-09    12.953   1.490e+02   2.556e+01
get errors..........................  7.21e+00    1.60e-02    4.13e-10     1.094   7.409e+00   6.574e+00
compute dt..........................  4.06e-01    9.02e-04    2.33e-11     0.062   4.972e-01   1.105e-01
plotting............................  6.60e+00    1.47e-02    3.78e-10     1.002   6.602e+00   6.602e+00
