030330: timings: (fortran version of scalar tridiagonal solver was no faster)

******************************************************************************
**********************  tridiagonal systems **********************************
********************** n1=51 n2=50 n3=52    **********************************
******************************************************************************

 ****maximum error=1.11e-16 in the normal   case, axis=0. factor=5.13e-03(s) solve=8.19e-03(s)
 ****maximum error=1.11e-16 in the normal   case, axis=1. factor=3.03e-03(s) solve=6.56e-03(s)
 ****maximum error=1.11e-16 in the normal   case, axis=2. factor=3.05e-03(s) solve=4.53e-03(s)
 ****maximum error=2.22e-16 in the extended case, axis=0. factor=5.47e-03(s) solve=9.24e-03(s)
 ****maximum error=1.11e-16 in the extended case, axis=1. factor=3.63e-03(s) solve=6.20e-03(s)
 ****maximum error=1.11e-16 in the extended case, axis=2. factor=3.17e-03(s) solve=4.61e-03(s)
 ****maximum error=2.22e-16 in the periodic case, axis=0. factor=1.45e-02(s) solve=9.98e-03(s)
 ****maximum error=2.22e-16 in the periodic case, axis=1. factor=1.22e-02(s) solve=7.19e-03(s)
 ****maximum error=6.66e-16 in the periodic case, axis=2. factor=1.24e-02(s) solve=5.35e-03(s)


******************************************************************************
********************** pentadiagonal systems**********************************
********************** n1=51 n2=50 n3=52    **********************************
******************************************************************************

 ****maximum error=3.33e-16 in the normal   system, axis=0. cpu: factor=1.15e-02 solve=1.01e-02
 ****maximum error=3.33e-16 in the normal   system, axis=1. cpu: factor=1.25e-02 solve=9.14e-03
 ****maximum error=3.33e-16 in the normal   system, axis=2. cpu: factor=1.03e-02 solve=5.54e-03
 ****maximum error=3.33e-16 in the extended system, axis=0. cpu: factor=1.19e-02 solve=1.03e-02
 ****maximum error=3.33e-16 in the extended system, axis=1. cpu: factor=1.33e-02 solve=9.59e-03
 ****maximum error=3.33e-16 in the extended system, axis=2. cpu: factor=1.07e-02 solve=5.99e-03
 ****maximum error=2.22e-16 in the periodic system, axis=0. cpu: factor=3.25e-02 solve=1.40e-02
 ****maximum error=2.22e-16 in the periodic system, axis=1. cpu: factor=4.43e-02 solve=1.66e-02
 ****maximum error=2.22e-16 in the periodic system, axis=2. cpu: factor=3.77e-02 solve=9.52e-03



030329: Pentadiagonal solver: inner loop is "i"

******************************************************************************
********************** pentadiagonal systems**********************************
********************** nx=51 ny=51 nz=51    **********************************
******************************************************************************

 for axis==0 inner loop is axis==direction, otherwise outer loop is axis==direction
 ****maximum error=3.33e-16 in the normal   system, axis=0. cpu: factor=1.85e-02 solve=1.35e-02
 ****maximum error=3.33e-16 in the extended system, axis=0. cpu: factor=2.01e-02 solve=1.45e-02
 ****maximum error=3.33e-16 in the periodic system, axis=0. cpu: factor=5.79e-02 solve=2.18e-02
 ****maximum error=3.33e-16 in the normal   system, axis=1. cpu: factor=2.18e-02 solve=1.44e-02
 ****maximum error=3.33e-16 in the extended system, axis=1. cpu: factor=2.24e-02 solve=1.49e-02
 ****maximum error=3.33e-16 in the periodic system, axis=1. cpu: factor=7.49e-02 solve=2.57e-02
 ****maximum error=3.33e-16 in the normal   system, axis=2. cpu: factor=1.86e-02 solve=1.08e-02
 ****maximum error=3.33e-16 in the extended system, axis=2. cpu: factor=1.91e-02 solve=1.06e-02
 ****maximum error=3.33e-16 in the periodic system, axis=2. cpu: factor=6.50e-02 solve=1.87e-02

 outer loop is "i" (axis=direction)

 ****maximum error=3.33e-16 in the normal   system, axis=0. cpu: factor=9.21e-02 solve=7.63e-02
 ****maximum error=3.33e-16 in the extended system, axis=0. cpu: factor=2.02e-02 solve=1.46e-02
 ****maximum error=3.33e-16 in the periodic system, axis=0. cpu: factor=5.79e-02 solve=2.19e-02
 ****maximum error=3.33e-16 in the normal   system, axis=1. cpu: factor=2.20e-02 solve=1.44e-02
 ****maximum error=3.33e-16 in the extended system, axis=1. cpu: factor=2.47e-02 solve=1.80e-02
 ****maximum error=3.33e-16 in the periodic system, axis=1. cpu: factor=6.55e-02 solve=2.99e-02
 ****maximum error=3.33e-16 in the normal   system, axis=2. cpu: factor=1.86e-02 solve=1.08e-02
 ****maximum error=3.33e-16 in the extended system, axis=2. cpu: factor=2.89e-02 solve=2.20e-02
 ****maximum error=3.33e-16 in the periodic system, axis=2. cpu: factor=7.95e-02 solve=3.88e-02


 inner loop is "i" (axis=direction)

 ****maximum error=3.33e-16 in the normal   system, axis=0. cpu: factor=1.86e-02 solve=1.34e-02
 ****maximum error=3.33e-16 in the extended system, axis=0. cpu: factor=2.02e-02 solve=1.44e-02
 ****maximum error=3.33e-16 in the periodic system, axis=0. cpu: factor=5.78e-02 solve=2.19e-02
 ****maximum error=3.33e-16 in the normal   system, axis=1. cpu: factor=2.36e-02 solve=1.71e-02
 ****maximum error=3.33e-16 in the extended system, axis=1. cpu: factor=2.48e-02 solve=1.79e-02
 ****maximum error=3.33e-16 in the periodic system, axis=1. cpu: factor=6.56e-02 solve=2.99e-02
 ****maximum error=3.33e-16 in the normal   system, axis=2. cpu: factor=2.79e-02 solve=2.22e-02
 ****maximum error=3.33e-16 in the extended system, axis=2. cpu: factor=2.89e-02 solve=2.14e-02
 ****maximum error=3.33e-16 in the periodic system, axis=2. cpu: factor=7.84e-02 solve=3.84e-02




011104: TridagonalFactor -fast:  optimised all non-block factor/solve

======== Test successful. Worst error = 1.376677e-14 ============

 ****** test timings for n1=101, n2=100, n3=102 *******
 ****maximum error=2.22e-16 in the normal   case, axis=0. factor=1.84e-01(s) solve=2.99e-01(s)
 ****maximum error=2.22e-16 in the normal   case, axis=1. factor=1.59e-01(s) solve=2.83e-01(s)
 ****maximum error=2.22e-16 in the normal   case, axis=2. factor=1.60e-01(s) solve=2.85e-01(s)
 ****maximum error=2.22e-16 in the extended case, axis=0. factor=1.88e-01(s) solve=3.13e-01(s)
 ****maximum error=2.22e-16 in the extended case, axis=1. factor=1.62e-01(s) solve=2.86e-01(s)
 ****maximum error=2.22e-16 in the extended case, axis=2. factor=1.64e-01(s) solve=2.87e-01(s)
 ****maximum error=3.33e-16 in the periodic case, axis=0. factor=5.08e-01(s) solve=3.93e-01(s)
 ****maximum error=4.44e-16 in the periodic case, axis=1. factor=4.32e-01(s) solve=3.88e-01(s)
 ****maximum error=3.33e-16 in the periodic case, axis=2. factor=4.58e-01(s) solve=4.32e-01(s)


011104: TrdiagonalFactor -fast:

======== Test successful. Worst error = 1.376677e-14 ============

 ****** test timings for n1=101, n2=101, n3=101 *******
call opt  factor, axis=0
 ****maximum error=2.22e-16 in the normal   case, axis=0. factor=1.95e-01(s) solve=2.73e+00(s)
call opt  factor, axis=1
 ****maximum error=2.22e-16 in the normal   case, axis=1. factor=1.93e-01(s) solve=5.25e-01(s)
 ****maximum error=2.22e-16 in the normal   case, axis=2. factor=2.49e-01(s) solve=4.69e-01(s)
call opt  factor, axis=0
 ****maximum error=2.22e-16 in the extended case, axis=0. factor=2.01e-01(s) solve=2.70e+00(s)
call opt  factor, axis=1
 ****maximum error=2.22e-16 in the extended case, axis=1. factor=2.00e-01(s) solve=5.30e-01(s)
 ****maximum error=2.22e-16 in the extended case, axis=2. factor=2.54e-01(s) solve=4.72e-01(s)
 ****maximum error=3.33e-16 in the extended case, axis=0. factor=6.02e+00(s) solve=4.83e+00(s)
 ****maximum error=3.33e-16 in the extended case, axis=1. factor=1.03e+00(s) solve=8.53e-01(s)
 ****maximum error=3.33e-16 in the extended case, axis=2. factor=7.96e-01(s) solve=6.86e-01(s)



011104: need to optimize non-block tridiagonal solver:
        Before -O

======== Test successful. Worst error = 1.376677e-14 ============

 ****** test timings for n1=101, n2=101, n3=101 *******
 ****maximum error=2.22e-16 in the normal   case, axis=0. factor=1.65e+00(s) solve=2.68e+00(s)
 ****maximum error=2.22e-16 in the normal   case, axis=1. factor=3.12e-01(s) solve=5.25e-01(s)
 ****maximum error=2.22e-16 in the normal   case, axis=2. factor=2.50e-01(s) solve=4.68e-01(s)
 ****maximum error=2.22e-16 in the extended case, axis=0. factor=1.61e+00(s) solve=2.69e+00(s)
 ****maximum error=2.22e-16 in the extended case, axis=1. factor=3.16e-01(s) solve=5.30e-01(s)
 ****maximum error=2.22e-16 in the extended case, axis=2. factor=2.53e-01(s) solve=4.72e-01(s)
 ****maximum error=3.33e-16 in the periodic case, axis=0. factor=6.00e+00(s) solve=4.82e+00(s)
 ****maximum error=3.33e-16 in the periodic case, axis=1. factor=1.03e+00(s) solve=8.51e-01(s)
 ****maximum error=3.33e-16 in the periodic case, axis=2. factor=7.96e-01(s) solve=6.87e-01(s)

