====== 2012/0/18 -- REDO COMPUTATIONS -- add option to extrapolate interface ghost instead of using compatibility.


NOTE: RUN IN DIRECTORY: $hen0/junk/conv: 

PROJECT INTERFACE + EXTRAPOLATE-GHOST
conv.p elasticPiston.conv -cfl=.8 -tp=.7 -tf=.7 -cg=epg -bcOption=4 -ng=4 -alwaysCompute=1 -pi=1 -piGhostOption=0

                grid  & N &  $\rho$  & r & $v_1$  & r & $v_2$  & r & $T$ & r & $\vert u\vert$  & r &  $\vert v\vert$  & r &  $\vert\sigma\vert$  & r
                epg4 &     1 & 3.16e-05 &      & 3.17e-04 &      & 0.00e+00 &      & 9.04e-05 &      & 4.33e-05 &      & 2.59e-05 &      & 3.00e-05 &
                epg8 &     2 & 8.61e-06 &  3.7 & 8.61e-05 &  3.7 & 0.00e+00 &  0.0 & 2.46e-05 &  3.7 & 1.19e-05 &  3.6 & 4.91e-06 &  5.3 & 6.79e-06 &  4.4
               epg16 &     4 & 2.31e-06 &  3.7 & 2.31e-05 &  3.7 & 0.00e+00 &  0.0 & 6.61e-06 &  3.7 & 3.13e-06 &  3.8 & 1.08e-06 &  4.5 & 1.61e-06 &  4.2
               epg32 &     8 & 5.98e-07 &  3.9 & 5.98e-06 &  3.9 & 0.00e+00 &  0.0 & 1.71e-06 &  3.9 & 8.02e-07 &  3.9 & 2.47e-07 &  4.4 & 3.90e-07 &  4.1
Convergence rates: c0=1.91 c1=1.91 c2= nan c3=1.91 c4=1.92 c5=2.23 c6=2.09


PROJECT INTERFACE + COMPATIBILITY
conv.p elasticPiston.conv -cfl=.8 -tp=.7 -tf=.7 -cg=epg -bcOption=4 -ng=4 -alwaysCompute=1 -pi=1 -piGhostOption=1

                grid  & N &  $\rho$  & r & $v_1$  & r & $v_2$  & r & $T$ & r & $\vert u\vert$  & r &  $\vert v\vert$  & r &  $\vert\sigma\vert$  & r
                epg4 &     1 & 3.25e-05 &      & 3.25e-04 &      & 0.00e+00 &      & 9.28e-05 &      & 4.28e-05 &      & 1.09e-05 &      & 1.55e-05 &
                epg8 &     2 & 8.75e-06 &  3.7 & 8.75e-05 &  3.7 & 0.00e+00 &  0.0 & 2.50e-05 &  3.7 & 1.18e-05 &  3.6 & 2.83e-06 &  3.9 & 3.50e-06 &  4.4
               epg16 &     4 & 2.33e-06 &  3.8 & 2.33e-05 &  3.8 & 0.00e+00 &  0.0 & 6.67e-06 &  3.7 & 3.11e-06 &  3.8 & 7.89e-07 &  3.6 & 8.38e-07 &  4.2
               epg32 &     8 & 6.01e-07 &  3.9 & 6.01e-06 &  3.9 & 0.00e+00 &  0.0 & 1.72e-06 &  3.9 & 7.98e-07 &  3.9 & 2.08e-07 &  3.8 & 2.05e-07 &  4.1
Convergence rates: c0=1.92 c1=1.92 c2= nan c3=1.92 c4=1.92 c5=1.90 c6=2.08


---- Matches table in paper FAIRLY CLOSELY (note stress relaxation is no on by default)
NOTE: This is -pi=0:
conv.p elasticPiston.conv -cfl=.8 -tp=.7 -tf=.7 -cg=epg -bcOption=4 -ng=4 -alwaysCompute=1

                grid  & N &  $\rho$  & r & $v_1$  & r & $v_2$  & r & $T$ & r & $\vert u\vert$  & r &  $\vert v\vert$  & r &  $\vert\sigma\vert$  & r
                epg4 &     1 & 3.66e-05 &      & 3.96e-04 &      & 0.00e+00 &      & 2.38e-04 &      & 4.19e-05 &      & 2.36e-05 &      & 4.14e-05 &
                epg8 &     2 & 7.94e-06 &  4.6 & 7.94e-05 &  5.0 & 0.00e+00 &  0.0 & 4.78e-05 &  5.0 & 1.16e-05 &  3.6 & 4.97e-06 &  4.7 & 7.47e-06 &  5.5
               epg16 &     4 & 2.22e-06 &  3.6 & 2.22e-05 &  3.6 & 0.00e+00 &  0.0 & 1.01e-05 &  4.7 & 3.08e-06 &  3.8 & 1.23e-06 &  4.0 & 1.41e-06 &  5.3
               epg32 &     8 & 5.84e-07 &  3.8 & 5.84e-06 &  3.8 & 0.00e+00 &  0.0 & 2.20e-06 &  4.6 & 7.90e-07 &  3.9 & 3.05e-07 &  4.0 & 2.99e-07 &  4.7
Convergence rates: c0=1.97 c1=2.01 c2= nan c3=2.25 c4=1.91 c5=2.08 c6=2.37












===== 110517 -- Redo computations to see if we get the same answers

--- Rotated piston: angle=45 degrees

conv.p elasticPiston.conv -cfl=.8 -tp=.7 -tf=.7 -cg=epg45 -angle=45 -bcOption=4 -ng=4 -alwaysCompute=1


                grid  & N &  $\rho$  & r & $v_1$  & r & $v_2$  & r & $T$ & r & $\vert u\vert$  & r &  $\vert v\vert$  & r &  $\vert\sigma\vert$  & r
                epg4 &     1 & 3.75e-05 &      & 2.81e-04 &      & 2.81e-04 &      & 2.46e-04 &      & 3.10e-05 &      & 1.97e-05 &      & 2.84e-05 &
                epg8 &     2 & 8.04e-06 &  4.7 & 5.69e-05 &  4.9 & 5.69e-05 &  4.9 & 4.86e-05 &  5.1 & 8.55e-06 &  3.6 & 3.99e-06 &  4.9 & 5.02e-06 &  5.7
               epg16 &     4 & 2.23e-06 &  3.6 & 1.58e-05 &  3.6 & 1.58e-05 &  3.6 & 1.00e-05 &  4.9 & 2.27e-06 &  3.8 & 8.37e-07 &  4.8 & 9.33e-07 &  5.4
               epg32 &     8 & 5.85e-07 &  3.8 & 4.14e-06 &  3.8 & 4.14e-06 &  3.8 & 2.18e-06 &  4.6 & 5.83e-07 &  3.9 & 1.83e-07 &  4.6 & 2.08e-07 &  4.5
Convergence rates: c0=1.99 c1=2.01 c2=2.01 c3=2.27 c4=1.91 c5=2.25 c6=2.37



---- Table in paper: OK
conv.p elasticPiston.conv -cfl=.8 -tp=.7 -tf=.7 -cg=epg -bcOption=4 -ng=4 -alwaysCompute=1

                grid  & N &  $\rho$  & r & $v_1$  & r & $v_2$  & r & $T$ & r & $\vert u\vert$  & r &  $\vert v\vert$  & r &  $\vert\sigma\vert$  & r
                epg4 &     1 & 3.75e-05 &      & 3.97e-04 &      & 2.53e-09 &      & 2.46e-04 &      & 4.38e-05 &      & 2.79e-05 &      & 4.25e-05 &
                epg8 &     2 & 8.04e-06 &  4.7 & 8.04e-05 &  4.9 & 2.70e-10 &  9.4 & 4.86e-05 &  5.1 & 1.21e-05 &  3.6 & 5.64e-06 &  4.9 & 7.50e-06 &  5.7
               epg16 &     4 & 2.23e-06 &  3.6 & 2.23e-05 &  3.6 & 3.14e-11 &  8.6 & 1.00e-05 &  4.9 & 3.21e-06 &  3.8 & 1.18e-06 &  4.8 & 1.40e-06 &  5.4
               epg32 &     8 & 5.85e-07 &  3.8 & 5.85e-06 &  3.8 & 4.45e-12 &  7.1 & 2.18e-06 &  4.6 & 8.24e-07 &  3.9 & 2.59e-07 &  4.6 & 3.11e-07 &  4.5
Convergence rates: c0=1.99 c1=2.01 c2=3.06 c3=2.27 c4=1.91 c5=2.25 c6=2.37





***************************************************************************************************************
***************************************************************************************************************
***************************************************************************************************************

========== 101110 -- include interface projection (IP):

conv.p elasticPiston.conv -cfl=.8 -tp=.7 -tf=.7 -cg=epg -bcOption=4 -pi=1 -ng=3 -alwaysCompute=1 


--- IP + fix entropy at interface: 

                grid  & N &  $\rho$  & r & $v_1$  & r & $v_2$  & r & $T$ & r & $\vert u\vert$  & r &  $\vert v\vert$  & r &  $\vert\sigma\vert$  & r
                epg4 &     1 &    3.920e-05   &       &    4.130e-04   &       &    2.220e-09   &       &    2.540e-04   &       &    4.400e-05   &       &    2.020e-05   &       &    4.450e-05   &
                epg8 &     2 &    7.960e-06   &   4.9 &    8.190e-05   &   5.0 &    2.840e-10   &   7.8 &    5.020e-05   &   5.1 &    1.210e-05   &   3.6 &    4.030e-06   &   5.0 &    7.870e-06   &   5.7
               epg16 &     4 &    2.220e-06   &   3.6 &    2.220e-05   &   3.7 &    3.190e-11   &   8.9 &    1.050e-05   &   4.8 &    3.220e-06   &   3.8 &    8.410e-07   &   4.8 &    1.490e-06   &   5.3
Convergence rates: c0=2.07 c1=2.11 c2=3.06 c3=2.30 c4=1.89 c5=2.29 c6=2.45

--- IP + entropy fix + HLL:
               grid  & N &  $\rho$  & r & $v_1$  & r & $v_2$  & r & $T$ & r & $\vert u\vert$  & r &  $\vert v\vert$  & r &  $\vert\sigma\vert$  & r
                epg4 &     1 &    2.380e-04   &       &    4.260e-04   &       &    2.710e-09   &       &    1.530e-03   &       &    4.400e-05   &       &    1.880e-05   &       &    4.260e-05   &
                epg8 &     2 &    6.510e-05   &   3.7 &    8.460e-05   &   5.0 &    3.930e-10   &   6.9 &    4.800e-04   &   3.2 &    1.210e-05   &   3.6 &    3.660e-06   &   5.1 &    7.260e-06   &   5.9
               epg16 &     4 &    1.830e-05   &   3.6 &    2.220e-05   &   3.8 &    4.760e-11   &   8.3 &    1.440e-04   &   3.3 &    3.220e-06   &   3.8 &    7.810e-07   &   4.7 &    1.380e-06   &   5.3
Convergence rates: c0=1.85 c1=2.13 c2=2.92 c3=1.70 c4=1.89 c5=2.29 c6=2.47



--- IP + no entropy fix but use HLL solver: *BETTER but errors are 4x bigger **
                grid  & N &  $\rho$  & r & $v_1$  & r & $v_2$  & r & $T$ & r & $\vert u\vert$  & r &  $\vert v\vert$  & r &  $\vert\sigma\vert$  & r
                epg4 &     1 &    2.060e-04   &       &    4.230e-04   &       &    2.710e-09   &       &    1.230e-03   &       &    4.400e-05   &       &    1.940e-05   &       &    4.370e-05   &
                epg8 &     2 &    4.820e-05   &   4.3 &    8.420e-05   &   5.0 &    3.940e-10   &   6.9 &    3.260e-04   &   3.8 &    1.210e-05   &   3.6 &    3.880e-06   &   5.0 &    7.630e-06   &   5.7
               epg16 &     4 &    9.430e-06   &   5.1 &    2.220e-05   &   3.8 &    4.760e-11   &   8.3 &    6.460e-05   &   5.0 &    3.220e-06   &   3.8 &    8.330e-07   &   4.7 &    1.490e-06   &   5.1
               epg32 &     8 &    2.260e-06   &   4.2 &    5.830e-06   &   3.8 &    5.230e-12   &   9.1 &    1.660e-05   &   3.9 &    8.250e-07   &   3.9 &    1.940e-07   &   4.3 &    2.800e-07   &   5.3
Convergence rates: c0=2.19 c1=2.05 c2=3.01 c3=2.10 c4=1.91 c5=2.22 c6=2.42



--- IP no entropy fix but art-diss in CNS:
conv.p elasticPiston.conv -cfl=.8 -tp=.7 -tf=.7 -cg=epg -bcOption=4 -pi=1 -ng=3 -adCns=1. -alwaysCompute=1 
               grid  & N &  $\rho$  & r & $v_1$  & r & $v_2$  & r & $T$ & r & $\vert u\vert$  & r &  $\vert v\vert$  & r &  $\vert\sigma\vert$  & r
                epg4 &     1 &    4.370e-05   &       &    4.370e-04   &       &    1.680e-09   &       &    5.600e-04   &       &    4.400e-05   &       &    1.810e-05   &       &    4.060e-05   &
                epg8 &     2 &    2.000e-05   &   2.2 &    1.110e-04   &   3.9 &    1.990e-10   &   8.4 &    2.730e-04   &   2.1 &    1.210e-05   &   3.6 &    3.760e-06   &   4.8 &    7.330e-06   &   5.5
               epg16 &     4 &    1.290e-05   &   1.6 &    2.750e-05   &   4.0 &    2.200e-11   &   9.0 &    1.310e-04   &   2.1 &    3.220e-06   &   3.8 &    7.890e-07   &   4.8 &    1.390e-06   &   5.3
Convergence rates: c0=0.88 c1=2.00 c2=3.13 c3=1.05 c4=1.89 c5=2.26 c6=2.43


-- IP + no entropy fix: 
conv.p elasticPiston.conv -cfl=.8 -tp=.7 -tf=.7 -cg=epg -bcOption=4 -pi=1 -ng=3 -alwaysCompute=1 

                grid  & N &  $\rho$  & r & $v_1$  & r & $v_2$  & r & $T$ & r & $\vert u\vert$  & r &  $\vert v\vert$  & r &  $\vert\sigma\vert$  & r
                epg4 &     1 &    2.870e-05   &       &    4.100e-04   &       &    2.220e-09   &       &    6.060e-04   &       &    4.400e-05   &       &    2.010e-05   &       &    4.420e-05   &
                epg8 &     2 &    1.500e-05   &   1.9 &    8.180e-05   &   5.0 &    2.840e-10   &   7.8 &    2.360e-04   &   2.6 &    1.210e-05   &   3.6 &    4.070e-06   &   4.9 &    7.900e-06   &   5.6
               epg16 &     4 &    9.960e-06   &   1.5 &    2.220e-05   &   3.7 &    3.190e-11   &   8.9 &    1.070e-04   &   2.2 &    3.220e-06   &   3.8 &    8.440e-07   &   4.8 &    1.490e-06   &   5.3
Convergence rates: c0=0.76 c1=2.10 c2=3.06 c3=1.25 c4=1.89 c5=2.29 c6=2.45

========== 101108 

******** decrease CFL
conv.p elasticPiston.conv -cfl=.8 -tp=.7 -tf=.7 -cg=epg -bcOption=4 -ng=4 -alwaysCompute=1

                grid  & N &  $rho$  & r & $v_1$  & r & $v_2$  & r & $T$ & r & $\vert u\vert$  & r &  $\vert v\vert$  & r &  $\vert\sigma\vert$  & r
                epg4 &     1 &    3.750e-05   &       &    3.970e-04   &       &    2.530e-09   &       &    2.460e-04   &       &    4.380e-05   &       &    2.790e-05   &       &    4.250e-05   &
                epg8 &     2 &    8.040e-06   &   4.7 &    8.040e-05   &   4.9 &    2.700e-10   &   9.4 &    4.860e-05   &   5.1 &    1.210e-05   &   3.6 &    5.640e-06   &   4.9 &    7.500e-06   &   5.7
               epg16 &     4 &    2.230e-06   &   3.6 &    2.230e-05   &   3.6 &    3.140e-11   &   8.6 &    1.000e-05   &   4.9 &    3.210e-06   &   3.8 &    1.180e-06   &   4.8 &    1.400e-06   &   5.4
               epg32 &     8 &    5.850e-07   &   3.8 &    5.850e-06   &   3.8 &    4.450e-12   &   7.1 &    2.180e-06   &   4.6 &    8.240e-07   &   3.9 &    2.590e-07   &   4.6 &    3.110e-07   &   4.5
Convergence rates: c0=1.99 c1=2.01 c2=3.06 c3=2.27 c4=1.91 c5=2.25 c6=2.37



**** TROUBLE with epg32 ***
conv.p elasticPiston.conv -tp=.7 -tf=.7 -cg=epg -bcOption=4 -ng=4 -alwaysCompute=1

                grid  & N &  $rho$  & r & $v_1$  & r & $v_2$  & r & $T$ & r & $\vert u\vert$  & r &  $\vert v\vert$  & r &  $\vert\sigma\vert$  & r
                epg4 &     1 &    3.980e-05   &       &    4.110e-04   &       &    4.760e-06   &       &    2.520e-04   &       &    3.360e-05   &       &    6.250e-05   &       &    6.140e-05   &
                epg8 &     2 &    7.350e-06   &   5.4 &    7.890e-05   &   5.2 &    1.810e-06   &   2.6 &    4.840e-05   &   5.2 &    1.010e-05   &   3.3 &    1.400e-05   &   4.5 &    1.440e-05   &   4.3
               epg16 &     4 &    2.050e-06   &   3.6 &    2.050e-05   &   3.8 &    5.350e-07   &   3.4 &    1.010e-05   &   4.8 &    2.800e-06   &   3.6 &    3.430e-06   &   4.1 &    3.500e-06   &   4.1
               epg32 &     8 &    1.020e-03   &   0.0 &    9.160e-04   &   0.0 &    2.610e-04   &   0.0 &    7.530e-03   &   0.0 &    3.090e-06   &   0.9 &    5.000e-04   &   0.0 &    6.480e-04   &   0.0
Convergence rates: c0=-1.22 c1=-0.15 c2=-1.56 c3=-1.24 c4=1.22 c5=-0.70 c6=-0.82


******** turn off diss in cgsm:
conv.p elasticPiston.conv -tp=.7 -tf=.7 -cg=epg -bcOption=4 -ng=3 -alwaysCompute=1

                grid  & N &  $rho$  & r & $v_1$  & r & $v_2$  & r & $T$ & r & $\vert u\vert$  & r &  $\vert v\vert$  & r &  $\vert\sigma\vert$  & r
                epg4 &     1 &    4.210e-05   &       &    4.450e-04   &       &    2.930e-09   &       &    2.600e-04   &       &    5.430e-05   &       &    2.970e-05   &       &    4.700e-05   &
                epg8 &     2 &    7.240e-06   &   5.8 &    8.740e-05   &   5.1 &    3.420e-10   &   8.6 &    5.040e-05   &   5.2 &    1.520e-05   &   3.6 &    5.790e-06   &   5.1 &    8.260e-06   &   5.7
               epg16 &     4 &    2.030e-06   &   3.6 &    2.140e-05   &   4.1 &    9.680e-11   &   3.5 &    1.080e-05   &   4.7 &    4.050e-06   &   3.8 &    1.340e-06   &   4.3 &    1.790e-06   &   4.6
Convergence rates: c0=2.19 c1=2.19 c2=2.46 c3=2.29 c4=1.87 c5=2.24 c6=2.36


************************
conv.p elasticPiston.conv -tp=.7 -tf=.7 -cg=epg -bcOption=4 -ng=3 -alwaysCompute=1

                grid  & N &  $rho$  & r & $v_1$  & r & $v_2$  & r & $T$ & r & $\vert u\vert$  & r &  $\vert v\vert$  & r &  $\vert\sigma\vert$  & r
                 pi4 &     1 &    3.980e-05   &       &    4.110e-04   &       &    4.760e-06   &       &    2.520e-04   &       &    3.360e-05   &       &    6.250e-05   &       &    6.140e-05   &
                 pi8 &     2 &    7.350e-06   &   5.4 &    7.890e-05   &   5.2 &    1.810e-06   &   2.6 &    4.840e-05   &   5.2 &    1.010e-05   &   3.3 &    1.400e-05   &   4.5 &    1.440e-05   &   4.3
                pi16 &     4 &    2.050e-06   &   3.6 &    2.050e-05   &   3.8 &    5.350e-07   &   3.4 &    1.010e-05   &   4.8 &    2.800e-06   &   3.6 &    3.430e-06   &   4.1 &    3.500e-06   &   4.1
Convergence rates: c0=2.14 c1=2.16 c2=1.58 c3=2.32 c4=1.79 c5=2.09 c6=2.07
